<?xml version="1.0" encoding="UTF-8"?>
<!-- Generated by org.testng.reporters.JUnitXMLReporter -->
<testsuite ignored="0" hostname="DESKTOP-N60QB27" failures="0" tests="3" name="Chrome Test" time="12.896" errors="0" timestamp="2022-12-09T23:54:38 IST">
  <testcase classname="tests.EndToEndTest" name="loginTest" time="3.947"/>
  <testcase classname="tests.EndToEndTest" name="loginTest" time="4.777"/>
  <testcase classname="tests.EndToEndTest" name="selectProductAndCheckOutTest" time="1.412"/>
</testsuite> <!-- Chrome Test -->
