<?xml version="1.0" encoding="UTF-8"?>
<!-- Generated by org.testng.reporters.JUnitXMLReporter -->
<testsuite ignored="0" hostname="DESKTOP-N60QB27" failures="0" tests="4" name="Edge Test" time="19.632" errors="0" timestamp="2022-12-09T21:48:06 IST">
  <testcase classname="tests.EndToEndTest" name="loginTest" time="3.466"/>
  <testcase classname="tests.EndToEndTest" name="loginTest" time="4.449"/>
  <testcase classname="tests.EndToEndTest" name="selectProductAndCheckOutTest" time="0.641"/>
  <testcase classname="tests.EndToEndTest" name="selectProductAndCheckOutTest" time="0.638"/>
</testsuite> <!-- Edge Test -->
